<?xml version="1.0" encoding="UTF-8"?>
<!-- Generated by org.testng.reporters.JUnitXMLReporter -->
<testsuite ignored="0" hostname="EPINHYDW0D51" failures="0" tests="7" name="Default test" time="42.249" errors="0" timestamp="2022-02-16T15:20:25 IST">
  <testcase classname="com.epam.selenium.SeleniumAssignment.TestOrangeHRMWithImplicitTime" name="@AfterClass closeTab" time="0.027">
    <failure type="org.openqa.selenium.remote.http.ConnectionFailedException" message="Unable to establish websocket connection to http://localhost:55841/devtools/browser/0d8bde8a-a52a-436a-b7e7-f8c84f909d1d
Build info: version: &amp;apos;4.1.2&amp;apos;, revision: &amp;apos;9a5a329c5a&amp;apos;
System info: host: &amp;apos;EPINHYDW0D51&amp;apos;, ip: &amp;apos;192.168.1.101&amp;apos;, os.name: &amp;apos;Windows 10&amp;apos;, os.arch: &amp;apos;amd64&amp;apos;, os.version: &amp;apos;10.0&amp;apos;, java.version: &amp;apos;17.0.1&amp;apos;
Driver info: driver.version: RemoteWebDriver">
      <![CDATA[org.openqa.selenium.remote.http.ConnectionFailedException: Unable to establish websocket connection to http://localhost:55841/devtools/browser/0d8bde8a-a52a-436a-b7e7-f8c84f909d1d
Build info: version: '4.1.2', revision: '9a5a329c5a'
System info: host: 'EPINHYDW0D51', ip: '192.168.1.101', os.name: 'Windows 10', os.arch: 'amd64', os.version: '10.0', java.version: '17.0.1'
Driver info: driver.version: RemoteWebDriver
at org.openqa.selenium.remote.http.netty.NettyWebSocket.<init>(NettyWebSocket.java:104)
at org.openqa.selenium.remote.http.netty.NettyWebSocket.lambda$create$3(NettyWebSocket.java:137)
at org.openqa.selenium.remote.http.netty.NettyClient.openSocket(NettyClient.java:118)
at org.openqa.selenium.devtools.Connection.<init>(Connection.java:77)
at org.openqa.selenium.firefox.FirefoxDriver.maybeGetDevTools(FirefoxDriver.java:310)
at org.openqa.selenium.remote.RemoteWebDriver.close(RemoteWebDriver.java:440)
at com.epam.selenium.SeleniumAssignment.TestOrangeHRMWithImplicitTime.closeTab(TestOrangeHRMWithImplicitTime.java:148)
at java.base/jdk.internal.reflect.NativeMethodAccessorImpl.invoke0(Native Method)
at java.base/jdk.internal.reflect.NativeMethodAccessorImpl.invoke(NativeMethodAccessorImpl.java:77)
at java.base/jdk.internal.reflect.DelegatingMethodAccessorImpl.invoke(DelegatingMethodAccessorImpl.java:43)
at java.base/java.lang.reflect.Method.invoke(Method.java:568)
at org.testng.internal.invokers.MethodInvocationHelper.invokeMethod(MethodInvocationHelper.java:135)
at org.testng.internal.invokers.MethodInvocationHelper.invokeMethodConsideringTimeout(MethodInvocationHelper.java:65)
at org.testng.internal.invokers.ConfigInvoker.invokeConfigurationMethod(ConfigInvoker.java:381)
at org.testng.internal.invokers.ConfigInvoker.invokeConfigurations(ConfigInvoker.java:319)
at org.testng.internal.invokers.TestMethodWorker.invokeAfterClassMethods(TestMethodWorker.java:220)
at org.testng.internal.invokers.TestMethodWorker.run(TestMethodWorker.java:130)
at java.base/java.util.ArrayList.forEach(ArrayList.java:1511)
at org.testng.TestRunner.privateRun(TestRunner.java:808)
at org.testng.TestRunner.run(TestRunner.java:603)
at org.testng.SuiteRunner.runTest(SuiteRunner.java:429)
at org.testng.SuiteRunner.runSequentially(SuiteRunner.java:423)
at org.testng.SuiteRunner.privateRun(SuiteRunner.java:383)
at org.testng.SuiteRunner.run(SuiteRunner.java:326)
at org.testng.SuiteRunnerWorker.runSuite(SuiteRunnerWorker.java:52)
at org.testng.SuiteRunnerWorker.run(SuiteRunnerWorker.java:95)
at org.testng.TestNG.runSuitesSequentially(TestNG.java:1249)
at org.testng.TestNG.runSuitesLocally(TestNG.java:1169)
at org.testng.TestNG.runSuites(TestNG.java:1092)
at org.testng.TestNG.run(TestNG.java:1060)
at org.testng.remote.AbstractRemoteTestNG.run(AbstractRemoteTestNG.java:115)
at org.testng.remote.RemoteTestNG.initAndRun(RemoteTestNG.java:251)
at org.testng.remote.RemoteTestNG.main(RemoteTestNG.java:77)
]]>
    </failure>
  </testcase> <!-- @AfterClass closeTab -->
  <testcase classname="com.epam.selenium.SeleniumAssignment.TestOrangeHRMWithImplicitTime" name="testLogIn" time="9.39"/>
  <testcase classname="com.epam.selenium.SeleniumAssignment.TestOrangeHRMWithImplicitTime" name="testNavigateToUsers" time="0.809"/>
  <testcase classname="com.epam.selenium.SeleniumAssignment.TestOrangeHRMWithImplicitTime" name="testChangeAdminRoleOfuser" time="19.709"/>
  <testcase classname="com.epam.selenium.SeleniumAssignment.TestOrangeHRMWithImplicitTime" name="testTheChangesAdded" time="1.05"/>
  <testcase classname="com.epam.selenium.SeleniumAssignment.TestOrangeHRMWithImplicitTime" name="testChangeWhenAdminRoleRemoved" time="2.034"/>
  <testcase classname="com.epam.selenium.SeleniumAssignment.TestOrangeHRMWithImplicitTime" name="testRemoveAdminRoleChanges" time="1.046"/>
  <testcase classname="com.epam.selenium.SeleniumAssignment.TestOrangeHRMWithImplicitTime" name="testLogOut" time="1.659"/>
</testsuite> <!-- Default test -->
