<?xml version="1.0" encoding="UTF-8"?>
<!-- Generated by org.testng.reporters.JUnitXMLReporter -->
<testsuite ignored="0" hostname="EPINHYDW0D51" failures="0" tests="21" name="Default test" time="0.097" errors="0" timestamp="2022-02-10T17:08:17 IST">
  <testcase classname="com.epam.TestAutomation.TestNG.TestLibraryClass" name="testAddNewMember" time="0.005"/>
  <testcase classname="com.epam.TestAutomation.TestNG.TestLibraryClass" name="testAddNewMember" time="0.001"/>
  <testcase classname="com.epam.TestAutomation.TestNG.TestLibraryClass" name="testAddNewMember" time="0.002"/>
  <testcase classname="com.epam.TestAutomation.TestNG.TestLibraryClass" name="testAddNewMember" time="0.0"/>
  <testcase classname="com.epam.TestAutomation.TestNG.TestLibraryClass" name="testAddNewMember" time="0.001"/>
  <testcase classname="com.epam.TestAutomation.TestNG.TestLibraryClass" name="testIssueBook" time="0.002"/>
  <testcase classname="com.epam.TestAutomation.TestNG.TestLibraryClass" name="testIssueBook" time="0.001"/>
  <testcase classname="com.epam.TestAutomation.TestNG.TestLibraryClass" name="testIssueBook" time="0.0"/>
  <testcase classname="com.epam.TestAutomation.TestNG.TestLibraryClass" name="testIssueBook" time="0.001"/>
  <testcase classname="com.epam.TestAutomation.TestNG.TestLibraryClass" name="testIssueBook" time="0.001"/>
  <testcase classname="com.epam.TestAutomation.TestNG.TestLibraryClass" name="testBookNotFoundException" time="0.002"/>
  <testcase classname="com.epam.TestAutomation.TestNG.TestLibraryClass" name="testBookNotFoundException" time="0.001"/>
  <testcase classname="com.epam.TestAutomation.TestNG.TestLibraryClass" name="testBookNotFoundException" time="0.0"/>
  <testcase classname="com.epam.TestAutomation.TestNG.TestLibraryClass" name="testBookNotFoundException" time="0.0"/>
  <testcase classname="com.epam.TestAutomation.TestNG.TestLibraryClass" name="testBookNotFoundException" time="0.001"/>
  <testcase classname="com.epam.TestAutomation.TestNG.TestLibraryClass" name="testUserInactiveException" time="0.0"/>
  <testcase classname="com.epam.TestAutomation.TestNG.TestLibraryClass" name="testUserInactiveException" time="0.0"/>
  <testcase classname="com.epam.TestAutomation.TestNG.TestLibraryClass" name="testUserInactiveException" time="0.0"/>
  <testcase classname="com.epam.TestAutomation.TestNG.TestLibraryClass" name="testUserInactiveException" time="0.001"/>
  <testcase classname="com.epam.TestAutomation.TestNG.TestLibraryClass" name="testUserInactiveException" time="0.0"/>
  <testcase classname="com.epam.TestAutomation.TestNG.TestLibraryClass" name="testMemberNotFoundException" time="0.0"/>
</testsuite> <!-- Default test -->
