<?xml version="1.0" encoding="UTF-8"?>
<testng-results ignored="0" total="1" passed="1" failed="0" skipped="0">
  <reporter-output>
  </reporter-output>
  <suite started-at="2022-02-14T16:20:50 IST" name="Default suite" finished-at="2022-02-14T16:20:54 IST" duration-ms="4550">
    <groups>
    </groups>
    <test started-at="2022-02-14T16:20:50 IST" name="Default test" finished-at="2022-02-14T16:20:54 IST" duration-ms="4550">
      <class name="com.epam.TestAutomation.SeleniumUiTesting.TestWebDriver">
        <test-method signature="testDriver()[pri:0, instance:com.epam.TestAutomation.SeleniumUiTesting.TestWebDriver@614ca7df]" started-at="2022-02-14T16:20:50 IST" name="testDriver" finished-at="2022-02-14T16:20:54 IST" duration-ms="4520" status="PASS">
          <reporter-output>
          </reporter-output>
        </test-method> <!-- testDriver -->
      </class> <!-- com.epam.TestAutomation.SeleniumUiTesting.TestWebDriver -->
    </test> <!-- Default test -->
  </suite> <!-- Default suite -->
</testng-results>
