<?xml version="1.0" encoding="UTF-8"?>
<!-- Generated by org.testng.reporters.JUnitXMLReporter -->
<testsuite ignored="0" hostname="EPINHYDW0D51" failures="0" tests="7" name="TestAPIOfAttendancesheet" time="29.113" errors="0" timestamp="2022-03-08T21:21:05 IST">
  <testcase classname="com.epam.TestAutomation.Project.APITesting.Tests.TestAPIOfAttendanceSheet" name="TestGetResponseOfAttendanceSheet" time="3.26"/>
  <testcase classname="com.epam.TestAutomation.Project.APITesting.Tests.TestAPIOfAttendanceSheet" name="TestPostResponseOfPunchIn" time="2.065"/>
  <testcase classname="com.epam.TestAutomation.Project.APITesting.Tests.TestAPIOfAttendanceSheet" name="TestPostResponseOfValidPunchOut" time="1.619"/>
  <testcase classname="com.epam.TestAutomation.Project.APITesting.Tests.TestAPIOfAttendanceSheet" name="TestPostResponseOfPunchInOverlapping" time="1.941"/>
  <testcase classname="com.epam.TestAutomation.Project.APITesting.Tests.TestAPIOfAttendanceSheet" name="TestPatchtResponsePunchOutAgainAfterPunchOut" time="1.626"/>
  <testcase classname="com.epam.TestAutomation.Project.APITesting.Tests.TestAPIOfAttendanceSheet" name="TestPatchtResponsePunchOutBeforePunchIn" time="3.751"/>
  <testcase classname="com.epam.TestAutomation.Project.APITesting.Tests.TestAPIOfAttendanceSheet" name="TestTotalHoursAggregation" time="8.076"/>
</testsuite> <!-- TestAPIOfAttendancesheet -->
