<?xml version="1.0" encoding="UTF-8"?>
<testng-results ignored="0" total="1" passed="1" failed="0" skipped="0">
  <reporter-output>
  </reporter-output>
  <suite started-at="2022-02-25T15:23:09 IST" name="Default suite" finished-at="2022-02-25T15:23:10 IST" duration-ms="467">
    <groups>
    </groups>
    <test started-at="2022-02-25T15:23:09 IST" name="Default test" finished-at="2022-02-25T15:23:10 IST" duration-ms="467">
      <class name="com.epam.TestAutomation.DataBaseTesting.DataBaseTest">
        <test-method is-config="true" signature="setUp()[pri:0, instance:com.epam.TestAutomation.DataBaseTesting.DataBaseTest@6babf3bf]" started-at="2022-02-25T15:23:09 IST" name="setUp" finished-at="2022-02-25T15:23:09 IST" duration-ms="401" status="PASS">
          <reporter-output>
          </reporter-output>
        </test-method> <!-- setUp -->
        <test-method signature="testTables()[pri:0, instance:com.epam.TestAutomation.DataBaseTesting.DataBaseTest@6babf3bf]" started-at="2022-02-25T15:23:09 IST" name="testTables" finished-at="2022-02-25T15:23:10 IST" duration-ms="36" status="PASS">
          <reporter-output>
          </reporter-output>
        </test-method> <!-- testTables -->
        <test-method is-config="true" signature="CloseConnection()[pri:0, instance:com.epam.TestAutomation.DataBaseTesting.DataBaseTest@6babf3bf]" started-at="2022-02-25T15:23:10 IST" name="CloseConnection" finished-at="2022-02-25T15:23:10 IST" duration-ms="1" status="PASS">
          <reporter-output>
          </reporter-output>
        </test-method> <!-- CloseConnection -->
      </class> <!-- com.epam.TestAutomation.DataBaseTesting.DataBaseTest -->
    </test> <!-- Default test -->
  </suite> <!-- Default suite -->
</testng-results>
