<?xml version="1.0" encoding="UTF-8"?>
<testng-results ignored="0" total="8" passed="8" failed="0" skipped="0">
  <reporter-output>
  </reporter-output>
  <suite started-at="2022-02-16T16:19:32 IST" name="MyFirstSuite" finished-at="2022-02-16T16:21:21 IST" duration-ms="108555">
    <groups>
    </groups>
    <test started-at="2022-02-16T16:19:32 IST" name="MyFirstTest" finished-at="2022-02-16T16:21:21 IST" duration-ms="108555">
      <class name="com.epam.selenium.SeleniumAssignment.TestOrangeHRMWithThread">
        <test-method signature="setUp(java.lang.String)[pri:0, instance:com.epam.selenium.SeleniumAssignment.TestOrangeHRMWithThread@741a8937]" started-at="2022-02-16T16:19:32 IST" name="setUp" finished-at="2022-02-16T16:19:37 IST" duration-ms="4562" status="PASS">
          <params>
            <param index="0">
              <value>
                <![CDATA[chrome]]>
              </value>
            </param>
          </params>
          <reporter-output>
          </reporter-output>
        </test-method> <!-- setUp -->
        <test-method signature="testLogIn()[pri:1, instance:com.epam.selenium.SeleniumAssignment.TestOrangeHRMWithThread@741a8937]" started-at="2022-02-16T16:19:37 IST" name="testLogIn" finished-at="2022-02-16T16:19:50 IST" duration-ms="12959" status="PASS">
          <reporter-output>
          </reporter-output>
        </test-method> <!-- testLogIn -->
        <test-method signature="testNavigateToUsers()[pri:2, instance:com.epam.selenium.SeleniumAssignment.TestOrangeHRMWithThread@741a8937]" started-at="2022-02-16T16:19:50 IST" name="testNavigateToUsers" finished-at="2022-02-16T16:19:54 IST" duration-ms="4270" status="PASS">
          <reporter-output>
          </reporter-output>
        </test-method> <!-- testNavigateToUsers -->
        <test-method signature="testChangeAdminRoleOfuser()[pri:3, instance:com.epam.selenium.SeleniumAssignment.TestOrangeHRMWithThread@741a8937]" started-at="2022-02-16T16:19:54 IST" name="testChangeAdminRoleOfuser" finished-at="2022-02-16T16:20:59 IST" duration-ms="65455" status="PASS">
          <reporter-output>
          </reporter-output>
        </test-method> <!-- testChangeAdminRoleOfuser -->
        <test-method signature="testTheChangesAdded()[pri:4, instance:com.epam.selenium.SeleniumAssignment.TestOrangeHRMWithThread@741a8937]" started-at="2022-02-16T16:20:59 IST" name="testTheChangesAdded" finished-at="2022-02-16T16:21:00 IST" duration-ms="1071" status="PASS">
          <reporter-output>
          </reporter-output>
        </test-method> <!-- testTheChangesAdded -->
        <test-method signature="testChangeWhenAdminRoleRemoved()[pri:5, instance:com.epam.selenium.SeleniumAssignment.TestOrangeHRMWithThread@741a8937]" started-at="2022-02-16T16:21:00 IST" name="testChangeWhenAdminRoleRemoved" finished-at="2022-02-16T16:21:08 IST" duration-ms="7398" status="PASS">
          <reporter-output>
          </reporter-output>
        </test-method> <!-- testChangeWhenAdminRoleRemoved -->
        <test-method signature="testRemoveAdminRoleChanges()[pri:6, instance:com.epam.selenium.SeleniumAssignment.TestOrangeHRMWithThread@741a8937]" started-at="2022-02-16T16:21:08 IST" name="testRemoveAdminRoleChanges" finished-at="2022-02-16T16:21:09 IST" duration-ms="1038" status="PASS">
          <reporter-output>
          </reporter-output>
        </test-method> <!-- testRemoveAdminRoleChanges -->
        <test-method signature="testLogOut()[pri:7, instance:com.epam.selenium.SeleniumAssignment.TestOrangeHRMWithThread@741a8937]" started-at="2022-02-16T16:21:09 IST" name="testLogOut" finished-at="2022-02-16T16:21:20 IST" duration-ms="11548" status="PASS">
          <reporter-output>
          </reporter-output>
        </test-method> <!-- testLogOut -->
        <test-method is-config="true" signature="closeTab()[pri:0, instance:com.epam.selenium.SeleniumAssignment.TestOrangeHRMWithThread@741a8937]" started-at="2022-02-16T16:21:20 IST" name="closeTab" finished-at="2022-02-16T16:21:21 IST" duration-ms="196" status="PASS">
          <reporter-output>
          </reporter-output>
        </test-method> <!-- closeTab -->
      </class> <!-- com.epam.selenium.SeleniumAssignment.TestOrangeHRMWithThread -->
    </test> <!-- MyFirstTest -->
  </suite> <!-- MyFirstSuite -->
</testng-results>
