<?xml version="1.0" encoding="UTF-8"?>
<testng-results ignored="0" total="2" passed="2" failed="0" skipped="0">
  <reporter-output>
  </reporter-output>
  <suite started-at="2022-02-15T15:42:40 IST" name="Default suite" finished-at="2022-02-15T15:43:01 IST" duration-ms="20986">
    <groups>
    </groups>
    <test started-at="2022-02-15T15:42:40 IST" name="Default test" finished-at="2022-02-15T15:43:01 IST" duration-ms="20986">
      <class name="com.epam.TestAutomation.SeleniumUiTesting.TestWebDriver">
        <test-method is-config="true" signature="setUp()[pri:0, instance:com.epam.TestAutomation.SeleniumUiTesting.TestWebDriver@21282ed8]" started-at="2022-02-15T15:42:40 IST" name="setUp" finished-at="2022-02-15T15:42:43 IST" duration-ms="3788" status="PASS">
          <reporter-output>
          </reporter-output>
        </test-method> <!-- setUp -->
        <test-method signature="testDriver()[pri:1, instance:com.epam.TestAutomation.SeleniumUiTesting.TestWebDriver@21282ed8]" started-at="2022-02-15T15:42:43 IST" name="testDriver" finished-at="2022-02-15T15:42:54 IST" duration-ms="10374" status="PASS">
          <reporter-output>
          </reporter-output>
        </test-method> <!-- testDriver -->
        <test-method signature="testContactSalesForm()[pri:2, instance:com.epam.TestAutomation.SeleniumUiTesting.TestWebDriver@21282ed8]" started-at="2022-02-15T15:42:54 IST" name="testContactSalesForm" finished-at="2022-02-15T15:43:01 IST" duration-ms="6774" status="PASS">
          <reporter-output>
          </reporter-output>
        </test-method> <!-- testContactSalesForm -->
      </class> <!-- com.epam.TestAutomation.SeleniumUiTesting.TestWebDriver -->
    </test> <!-- Default test -->
  </suite> <!-- Default suite -->
</testng-results>
