<?xml version="1.0" encoding="UTF-8"?>
<!-- Generated by org.testng.reporters.JUnitXMLReporter -->
<testsuite ignored="0" hostname="EPINHYDW0D51" failures="0" tests="12" name="Default test" time="42.275" errors="0" timestamp="2022-02-14T21:54:33 IST">
  <testcase classname="com.epam.TestAutomation.RestAssured.TestResponseByObject" name="tesrGetResponseAllPosts" time="24.749"/>
  <testcase classname="com.epam.TestAutomation.RestAssured.TestResponseByObject" name="testGetResponseById" time="0.228"/>
  <testcase classname="com.epam.TestAutomation.RestAssured.TestResponseByObject" name="testGetResponseById" time="7.766"/>
  <testcase classname="com.epam.TestAutomation.RestAssured.TestResponseByObject" name="testGetResponseById" time="0.71"/>
  <testcase classname="com.epam.TestAutomation.RestAssured.TestResponseByObject" name="testGetResponseById" time="0.819"/>
  <testcase classname="com.epam.TestAutomation.RestAssured.TestResponseByObject" name="testGetResponseById" time="1.328"/>
  <testcase classname="com.epam.TestAutomation.RestAssured.TestResponseByObject" name="testGetResponseOfComments" time="0.203"/>
  <testcase classname="com.epam.TestAutomation.RestAssured.TestResponseByObject" name="testPostObjectPostResponse" time="0.847"/>
  <testcase classname="com.epam.TestAutomation.RestAssured.TestResponseByObject" name="testPostObjectPostResponse" time="1.198"/>
  <testcase classname="com.epam.TestAutomation.RestAssured.TestResponseByObject" name="testPostObjectPostResponse" time="1.123"/>
  <testcase classname="com.epam.TestAutomation.RestAssured.TestResponseByObject" name="testPostObjectPostResponse" time="2.043"/>
  <testcase classname="com.epam.TestAutomation.RestAssured.TestResponseByObject" name="testPostObjectPostResponse" time="0.718"/>
</testsuite> <!-- Default test -->
