<?xml version="1.0" encoding="UTF-8"?>
<!-- Generated by org.testng.reporters.JUnitXMLReporter -->
<testsuite ignored="1" hostname="EPINHYDW0D51" failures="0" tests="2" name="MyFirstTest" time="0.033" errors="0" timestamp="2022-02-09T10:11:12 IST">
  <testcase classname="com.epam.TestAutomation.TestNG.AppTest" name="testApp" time="0.005"/>
  <testcase classname="com.epam.TestAutomation.TestNG.IgnoreTest" name="testApp" time="0.001"/>
  <testcase classname="com.epam.TestAutomation.TestNG.IgnoreTest" name="beforeSuite" time="0.0">
    <ignored/>
  </testcase> <!-- beforeSuite -->
</testsuite> <!-- MyFirstTest -->
