<?xml version="1.0" encoding="UTF-8"?>
<testng-results ignored="0" total="3" passed="3" failed="0" skipped="0">
  <reporter-output>
  </reporter-output>
  <suite started-at="2022-03-14T18:07:14 IST" name="TestSpeakerFunctionality" finished-at="2022-03-14T18:07:32 IST" duration-ms="17427">
    <groups>
    </groups>
    <test started-at="2022-03-14T18:07:14 IST" name="TestSpeakerAddingViaAPI" finished-at="2022-03-14T18:07:32 IST" duration-ms="17427">
      <class name="com.epam.TestAutomation.Final_Project.TestCases.TestSpeakerAddingFunctionalityViaAPI">
        <test-method is-config="true" signature="setUp(org.testng.ITestContext)[pri:0, instance:com.epam.TestAutomation.Final_Project.TestCases.TestSpeakerAddingFunctionalityViaAPI@368247b9]" started-at="2022-03-14T18:07:14 IST" name="setUp" finished-at="2022-03-14T18:07:25 IST" duration-ms="10494" status="PASS">
          <params>
            <param index="0">
              <value>
                <![CDATA[org.testng.TestRunner@37f41a81]]>
              </value>
            </param>
          </params>
          <reporter-output>
          </reporter-output>
        </test-method> <!-- setUp -->
        <test-method signature="testAddedSpeakerIsDisplayedinUI()[pri:1, instance:com.epam.TestAutomation.Final_Project.TestCases.TestSpeakerAddingFunctionalityViaAPI@368247b9]" started-at="2022-03-14T18:07:25 IST" name="testAddedSpeakerIsDisplayedinUI" finished-at="2022-03-14T18:07:30 IST" duration-ms="5381" status="PASS">
          <reporter-output>
          </reporter-output>
        </test-method> <!-- testAddedSpeakerIsDisplayedinUI -->
        <test-method signature="testGetResponseOfAddedSpeakerByAPI()[pri:2, instance:com.epam.TestAutomation.Final_Project.TestCases.TestSpeakerAddingFunctionalityViaAPI@368247b9]" started-at="2022-03-14T18:07:30 IST" name="testGetResponseOfAddedSpeakerByAPI" finished-at="2022-03-14T18:07:31 IST" duration-ms="1020" status="PASS">
          <reporter-output>
          </reporter-output>
        </test-method> <!-- testGetResponseOfAddedSpeakerByAPI -->
        <test-method signature="testSpeakerDetailsAddedReflectedInDataBase()[pri:3, instance:com.epam.TestAutomation.Final_Project.TestCases.TestSpeakerAddingFunctionalityViaAPI@368247b9]" started-at="2022-03-14T18:07:31 IST" name="testSpeakerDetailsAddedReflectedInDataBase" finished-at="2022-03-14T18:07:31 IST" duration-ms="139" status="PASS">
          <reporter-output>
          </reporter-output>
        </test-method> <!-- testSpeakerDetailsAddedReflectedInDataBase -->
        <test-method is-config="true" signature="close()[pri:0, instance:com.epam.TestAutomation.Final_Project.TestCases.TestSpeakerAddingFunctionalityViaAPI@368247b9]" started-at="2022-03-14T18:07:31 IST" name="close" finished-at="2022-03-14T18:07:32 IST" duration-ms="365" status="PASS">
          <reporter-output>
          </reporter-output>
        </test-method> <!-- close -->
      </class> <!-- com.epam.TestAutomation.Final_Project.TestCases.TestSpeakerAddingFunctionalityViaAPI -->
    </test> <!-- TestSpeakerAddingViaAPI -->
  </suite> <!-- TestSpeakerFunctionality -->
</testng-results>
