<?xml version="1.0" encoding="UTF-8"?>
<!-- Generated by org.testng.reporters.JUnitXMLReporter -->
<testsuite ignored="0" hostname="EPINHYDW0D51" failures="0" tests="3" name="TestLogIn" time="52.476" errors="0" timestamp="2022-03-09T08:49:34 IST">
  <testcase classname="com.epam.selenium.OrangeHRM.Tests.TestAssigningAndRemovingGlobalAdminToUser" name="testNavigationToUsersPageFromDashBoardPage" time="1.463"/>
  <testcase classname="com.epam.selenium.OrangeHRM.Tests.TestAssigningAndRemovingGlobalAdminToUser" name="testAssigningGlobalAdminRole" time="22.889"/>
  <testcase classname="com.epam.selenium.OrangeHRM.Tests.TestAssigningAndRemovingGlobalAdminToUser" name="testRemovingGlobalAdminRole" time="4.201"/>
</testsuite> <!-- TestLogIn -->
