<?xml version="1.0" encoding="UTF-8"?>
<testng-results ignored="6" total="7" passed="1" failed="0" skipped="0">
  <reporter-output>
  </reporter-output>
  <suite started-at="2022-03-08T16:24:15 IST" name="TestOrangeHRMAPITesting" finished-at="2022-03-08T16:24:26 IST" duration-ms="10944">
    <groups>
    </groups>
    <test started-at="2022-03-08T16:24:15 IST" name="TestAPIOfAttendancesheet" finished-at="2022-03-08T16:24:26 IST" duration-ms="10944">
      <class name="com.epam.TestAutomation.Project.APITesting.Tests.TestAPIOfAttendanceSheet">
        <test-method is-config="true" signature="setUp(org.testng.ITestContext)[pri:0, instance:com.epam.TestAutomation.Project.APITesting.Tests.TestAPIOfAttendanceSheet@618425b5]" started-at="2022-03-08T16:24:15 IST" name="setUp" finished-at="2022-03-08T16:24:16 IST" duration-ms="463" status="PASS">
          <params>
            <param index="0">
              <value>
                <![CDATA[org.testng.TestRunner@35fe2125]]>
              </value>
            </param>
          </params>
          <reporter-output>
          </reporter-output>
        </test-method> <!-- setUp -->
        <test-method signature="TestTotalHoursAggregation(org.testng.ITestContext)[pri:0, instance:com.epam.TestAutomation.Project.APITesting.Tests.TestAPIOfAttendanceSheet@618425b5]" started-at="2022-03-08T16:24:16 IST" name="TestTotalHoursAggregation" finished-at="2022-03-08T16:24:26 IST" duration-ms="10455" status="PASS">
          <params>
            <param index="0">
              <value>
                <![CDATA[org.testng.TestRunner@35fe2125]]>
              </value>
            </param>
          </params>
          <reporter-output>
          </reporter-output>
        </test-method> <!-- TestTotalHoursAggregation -->
        <test-method is-config="true" signature="setStatus(org.testng.ITestResult)[pri:0, instance:com.epam.TestAutomation.Project.APITesting.Tests.TestAPIOfAttendanceSheet@618425b5]" started-at="2022-03-08T16:24:26 IST" name="setStatus" finished-at="2022-03-08T16:24:26 IST" duration-ms="1" status="PASS">
          <params>
            <param index="0">
              <value>
                <![CDATA[[TestResult name=TestTotalHoursAggregation status=SUCCESS method=TestAPIOfAttendanceSheet.TestTotalHoursAggregation(org.testng.ITestContext)[pri:0, instance:com.epam.TestAutomation.Project.APITesting.Tests.TestAPIOfAttendanceSheet@618425b5] output={null}]]]>
              </value>
            </param>
          </params>
          <reporter-output>
          </reporter-output>
        </test-method> <!-- setStatus -->
        <test-method is-config="true" signature="closeTab()[pri:0, instance:com.epam.TestAutomation.Project.APITesting.Tests.TestAPIOfAttendanceSheet@618425b5]" started-at="2022-03-08T16:24:26 IST" name="closeTab" finished-at="2022-03-08T16:24:26 IST" duration-ms="0" status="PASS">
          <reporter-output>
          </reporter-output>
        </test-method> <!-- closeTab -->
      </class> <!-- com.epam.TestAutomation.Project.APITesting.Tests.TestAPIOfAttendanceSheet -->
    </test> <!-- TestAPIOfAttendancesheet -->
  </suite> <!-- TestOrangeHRMAPITesting -->
</testng-results>
